<?xml version="1.0" encoding="UTF-8"?>
<robot generator="Robot 3.1.2 (Python 3.6.8 on win32)" generated="20200907 16:47:33.844" rpa="false">
<suite id="s1" name="Dem" source="C:\Users\k64085043\PycharmProjects\DemoProject\Task\Dem.robot">
<test id="s1-t1" name="TC_Post_Task_003">
<kw name="Create Session" library="RequestsLibrary">
<doc>Create Session: create a HTTP session to a server</doc>
<arguments>
<arg>postTask</arg>
<arg>https://www.google.com</arg>
</arguments>
<msg timestamp="20200907 16:47:34.204" level="INFO">Creating Session using : alias=postTask, url=https://www.google.com, headers={},                     cookies=None, auth=None, timeout=None, proxies=None, verify=False,                     debug=0 </msg>
<status status="PASS" starttime="20200907 16:47:34.204" endtime="20200907 16:47:34.204"></status>
</kw>
<kw name="Create Dictionary" library="BuiltIn">
<doc>Creates and returns a dictionary based on the given ``items``.</doc>
<arguments>
<arg>Content-Type=ext/html; charset=UTF-8</arg>
</arguments>
<assign>
<var>&amp;{header}</var>
</assign>
<msg timestamp="20200907 16:47:34.206" level="INFO">&amp;{header} = { Content-Type=ext/html; charset=UTF-8 }</msg>
<status status="PASS" starttime="20200907 16:47:34.205" endtime="20200907 16:47:34.206"></status>
</kw>
<kw name="Post Request" library="RequestsLibrary">
<doc>Send a POST request on the session object found using the
given `alias`</doc>
<arguments>
<arg>postTask</arg>
<arg>/gen_204</arg>
<arg>headers=${header}</arg>
<arg>params=kone</arg>
</arguments>
<assign>
<var>${postRes}</var>
</assign>
<msg timestamp="20200907 16:47:35.320" level="INFO">Post Request using : alias=postTask, uri=/gen_204, data=&lt;empty&gt;, headers={'Content-Type': 'ext/html; charset=UTF-8'}, files=None, allow_redirects=True </msg>
<msg timestamp="20200907 16:47:35.320" level="INFO">C:\Users\k64085043\AppData\Local\Programs\Python\Python36\lib\site-packages\urllib3\connectionpool.py:988: InsecureRequestWarning: Unverified HTTPS request is being made to host 'www.google.com'. Adding certificate verification is strongly advised. See: https://urllib3.readthedocs.io/en/latest/advanced-usage.html#ssl-warnings
  InsecureRequestWarning,</msg>
<msg timestamp="20200907 16:47:35.321" level="INFO">${postRes} = &lt;Response [204]&gt;</msg>
<status status="PASS" starttime="20200907 16:47:34.207" endtime="20200907 16:47:35.321"></status>
</kw>
<kw name="verifyStatusCode">
<arguments>
<arg>${postRes}</arg>
<arg>${postStatusCode}</arg>
</arguments>
<kw name="Convert To String" library="BuiltIn">
<doc>Converts the given item to a Unicode string.</doc>
<arguments>
<arg>${response.status_code}</arg>
</arguments>
<assign>
<var>${Acstatus_code}</var>
</assign>
<msg timestamp="20200907 16:47:35.323" level="INFO">${Acstatus_code} = 204</msg>
<status status="PASS" starttime="20200907 16:47:35.323" endtime="20200907 16:47:35.324"></status>
</kw>
<kw name="Should Be Equal" library="BuiltIn">
<doc>Fails if the given objects are unequal.</doc>
<arguments>
<arg>${Acstatus_code}</arg>
<arg>${exStatusCode}</arg>
</arguments>
<status status="PASS" starttime="20200907 16:47:35.324" endtime="20200907 16:47:35.325"></status>
</kw>
<kw name="Log To Console" library="BuiltIn">
<doc>Logs the given message to the console.</doc>
<arguments>
<arg>${Acstatus_code}</arg>
</arguments>
<status status="PASS" starttime="20200907 16:47:35.325" endtime="20200907 16:47:35.326"></status>
</kw>
<status status="PASS" starttime="20200907 16:47:35.322" endtime="20200907 16:47:35.326"></status>
</kw>
<status status="PASS" starttime="20200907 16:47:34.203" endtime="20200907 16:47:35.326" critical="yes"></status>
</test>
<test id="s1-t2" name="TC_Get_Task_004">
<kw name="Create Session" library="RequestsLibrary">
<doc>Create Session: create a HTTP session to a server</doc>
<arguments>
<arg>getTask</arg>
<arg>https://www.google.com</arg>
</arguments>
<msg timestamp="20200907 16:47:35.330" level="INFO">Creating Session using : alias=getTask, url=https://www.google.com, headers={},                     cookies=None, auth=None, timeout=None, proxies=None, verify=False,                     debug=0 </msg>
<status status="PASS" starttime="20200907 16:47:35.330" endtime="20200907 16:47:35.331"></status>
</kw>
<kw name="Create Dictionary" library="BuiltIn">
<doc>Creates and returns a dictionary based on the given ``items``.</doc>
<arguments>
<arg>Content-Type=application/json; charset=UTF-8</arg>
</arguments>
<assign>
<var>&amp;{header}</var>
</assign>
<msg timestamp="20200907 16:47:35.331" level="INFO">&amp;{header} = { Content-Type=application/json; charset=UTF-8 }</msg>
<status status="PASS" starttime="20200907 16:47:35.331" endtime="20200907 16:47:35.331"></status>
</kw>
<kw name="Get Request" library="RequestsLibrary">
<doc>Send a GET request on the session object found using the
given `alias`</doc>
<arguments>
<arg>getTask</arg>
<arg>/</arg>
<arg>headers=${header}</arg>
</arguments>
<assign>
<var>${getRes}</var>
</assign>
<msg timestamp="20200907 16:47:35.974" level="INFO">Get Request using : alias=getTask, uri=/, headers={'Content-Type': 'application/json; charset=UTF-8'} json=None</msg>
<msg timestamp="20200907 16:47:35.974" level="INFO">C:\Users\k64085043\AppData\Local\Programs\Python\Python36\lib\site-packages\urllib3\connectionpool.py:988: InsecureRequestWarning: Unverified HTTPS request is being made to host 'www.google.com'. Adding certificate verification is strongly advised. See: https://urllib3.readthedocs.io/en/latest/advanced-usage.html#ssl-warnings
  InsecureRequestWarning,</msg>
<msg timestamp="20200907 16:47:35.979" level="INFO">${getRes} = &lt;Response [200]&gt;</msg>
<status status="PASS" starttime="20200907 16:47:35.332" endtime="20200907 16:47:35.979"></status>
</kw>
<kw name="verifyStatusCode">
<arguments>
<arg>${getRes}</arg>
<arg>${getStatusCode}</arg>
</arguments>
<kw name="Convert To String" library="BuiltIn">
<doc>Converts the given item to a Unicode string.</doc>
<arguments>
<arg>${response.status_code}</arg>
</arguments>
<assign>
<var>${Acstatus_code}</var>
</assign>
<msg timestamp="20200907 16:47:35.983" level="INFO">${Acstatus_code} = 200</msg>
<status status="PASS" starttime="20200907 16:47:35.981" endtime="20200907 16:47:35.983"></status>
</kw>
<kw name="Should Be Equal" library="BuiltIn">
<doc>Fails if the given objects are unequal.</doc>
<arguments>
<arg>${Acstatus_code}</arg>
<arg>${exStatusCode}</arg>
</arguments>
<status status="PASS" starttime="20200907 16:47:35.984" endtime="20200907 16:47:35.984"></status>
</kw>
<kw name="Log To Console" library="BuiltIn">
<doc>Logs the given message to the console.</doc>
<arguments>
<arg>${Acstatus_code}</arg>
</arguments>
<status status="PASS" starttime="20200907 16:47:35.984" endtime="20200907 16:47:35.984"></status>
</kw>
<status status="PASS" starttime="20200907 16:47:35.980" endtime="20200907 16:47:35.987"></status>
</kw>
<kw name="Log To Console" library="BuiltIn">
<doc>Logs the given message to the console.</doc>
<arguments>
<arg>${getRes.content}</arg>
</arguments>
<status status="PASS" starttime="20200907 16:47:35.988" endtime="20200907 16:47:36.017"></status>
</kw>
<status status="PASS" starttime="20200907 16:47:35.328" endtime="20200907 16:47:36.018" critical="yes"></status>
</test>
<status status="PASS" starttime="20200907 16:47:33.877" endtime="20200907 16:47:36.027"></status>
</suite>
<statistics>
<total>
<stat pass="2" fail="0">Critical Tests</stat>
<stat pass="2" fail="0">All Tests</stat>
</total>
<tag>
</tag>
<suite>
<stat pass="2" fail="0" id="s1" name="Dem">Dem</stat>
</suite>
</statistics>
<errors>
</errors>
</robot>
